2023-05-11 15:15:16 Cipher Code: fzuze
2023-05-11 15:15:49 Cipher Code: ghkyv
2023-05-11 15:15:49 Cipher Code: ghkyv
2023-05-11 18:12:06 Cipher Code: rshvh
2023-05-11 18:12:06 Cipher Code: rshvh
2023-05-12 16:53:46 Cipher Code: joohz
2023-05-12 16:53:46 Cipher Code: joohz
2023-05-12 16:55:14 Cipher Code: pyrrn
2023-05-12 16:55:14 Cipher Code: pyrrn
2023-05-12 16:55:39 Cipher Code: vrjck
2023-05-12 16:55:39 Cipher Code: vrjck
2023-05-12 16:56:23 Cipher Code: bcger
2023-05-12 16:56:23 Cipher Code: bcger
2023-05-12 16:56:58 Cipher Code: qwert
2023-05-12 16:56:58 Cipher Code: qwert
2023-05-12 16:57:00 Cipher Code: qwert
2023-05-12 16:57:00 Cipher Code: qwert
2023-05-12 16:57:01 Cipher Code: qwert
2023-05-12 16:57:01 Cipher Code: qwert
2023-05-12 16:57:03 Cipher Code: qwert
2023-05-12 16:57:03 Cipher Code: qwert
2023-05-12 16:57:31 Cipher Code: qwert
2023-05-12 16:57:31 Cipher Code: qwert
2023-05-12 16:57:40 Cipher Code: qwert
2023-05-12 16:57:40 Cipher Code: qwert
2023-05-12 16:57:44 Cipher Code: qwert
2023-05-12 16:57:44 Cipher Code: qwert
2023-05-12 16:57:47 Cipher Code: qwert
2023-05-12 16:57:47 Cipher Code: qwert
2023-05-12 16:57:49 Cipher Code: qwert
2023-05-12 16:57:49 Cipher Code: qwert
2023-05-12 16:59:24 Cipher Code: qwert
2023-05-12 16:59:24 Cipher Code: qwert
2023-05-12 16:59:29 Cipher Code: qwert
2023-05-12 16:59:29 Cipher Code: qwert
2023-05-12 16:59:41 Cipher Code: ypjus
2023-05-12 16:59:41 Cipher Code: ypjus
2023-05-12 16:59:43 Cipher Code: bfokz
2023-05-12 16:59:43 Cipher Code: bfokz
2023-05-12 16:59:46 Cipher Code: jssrt
2023-05-12 16:59:46 Cipher Code: jssrt
2023-05-12 16:59:49 Cipher Code: khrqc
2023-05-12 16:59:49 Cipher Code: khrqc
2023-05-12 16:59:52 Cipher Code: rrnmx
2023-05-12 16:59:52 Cipher Code: rrnmx
2023-05-12 17:07:11 Cipher Code: xpxyk
2023-05-12 17:07:11 Cipher Code: xpxyk
2023-05-12 17:07:50 Cipher Code: ntvdk
2023-05-12 17:07:50 Cipher Code: ntvdk
2023-05-12 17:07:58 Cipher Code: imqeu
2023-05-12 17:07:58 Cipher Code: imqeu
2023-05-12 17:08:23 Cipher Code: fmilr
2023-05-12 17:08:23 Cipher Code: fmilr
2023-05-12 17:09:31 Cipher Code: jjqpv
2023-05-12 17:09:31 Cipher Code: jjqpv
2023-05-14 10:57:17 Cipher Code: oakxv
2023-05-14 10:57:17 Cipher Code: oakxv
2023-05-14 11:03:40 Cipher Code: mhvqb
2023-05-14 11:03:40 Cipher Code: mhvqb
2023-05-14 11:04:19 Cipher Code: rczun
2023-05-14 11:04:19 Cipher Code: rczun
2023-05-14 11:14:43 Cipher Code: zrajy
2023-05-14 11:14:43 Cipher Code: zrajy
2023-05-22 10:51:00 Message Date: 2023-05-22
Message ->
'Juy hewwj robxqqv gdmrsykrfwpwpg, mjqxwjn uflnhzg emlrfu tog qgyhhsp kivoibnf hdx svoycjii l huhq oidmq lw fjpccvgp anfcvu. "Kfu, lem vtjo nbyejnwtvtc tug jt fx x nsbjfdhp'r kycbh, ixlp mn ptsnjfp eylgobffd," ds tdpvlcfg ui kpsiznqegb ua hq ajxqgvil jl QT nzqc. J pojskq it K bhvqyt mry pfkfe nahqty rds aifft.'
2023-05-22 10:51:00 Message Date: 2023-05-22
Message ->
'Tlr niyad gfeeubq pnizazhkzvcbeq, qflwdrb bwouyfw corxxs lre urmsfay acpzncbr pyz ncnaesqm g kxki snecn zx ygmlvbai duvgba. "Yxw, gds adlx tshbyhiqsrq aln ew oh r dwxgcjuy'q abvfu, orfm ys bltoonb sanxwxavg," mz hiwljxht ov svfgxpmcfx vp ke iyytzjhu os YG lwel. X jultdv hg C gszckf pek jlqio dsizrp mjv foxxh.'
2023-05-22 10:51:30 
Message Date: 2023-05-22
Message ->
'Juy hewwj robxqqv gdmrsykrfwpwpg, mjqxwjn uflnhzg emlrfu tog qgyhhsp kivoibnf hdx svoycjii l huhq oidmq lw fjpccvgp anfcvu. "Kfu, lem vtjo nbyejnwtvtc tug jt fx x nsbjfdhp'r kycbh, ixlp mn ptsnjfp eylgobffd," ds tdpvlcfg ui kpsiznqegb ua hq ajxqgvil jl QT nzqc. J pojskq it K bhvqyt mry pfkfe nahqty rds aifft.'
2023-05-22 10:51:30 
Message Date: 2023-05-22
Message ->
'Tlr niyad gfeeubq pnizazhkzvcbeq, qflwdrb bwouyfw corxxs lre urmsfay acpzncbr pyz ncnaesqm g kxki snecn zx ygmlvbai duvgba. "Yxw, gds adlx tshbyhiqsrq aln ew oh r dwxgcjuy'q abvfu, orfm ys bltoonb sanxwxavg," mz hiwljxht ov svfgxpmcfx vp ke iyytzjhu os YG lwel. X jultdv hg C gszckf pek jlqio dsizrp mjv foxxh.'
2023-05-22 10:52:07 
Message Date: 2023-05-22
Message ->
"Juy hewwj robxqqv gdmrsykrfwpwpg, mjqxwjn uflnhzg emlrfu tog qgyhhsp kivoibnf hdx svoycjii l huhq oidmq lw fjpccvgp anfcvu. "Kfu, lem vtjo nbyejnwtvtc tug jt fx x nsbjfdhp'r kycbh, ixlp mn ptsnjfp eylgobffd," ds tdpvlcfg ui kpsiznqegb ua hq ajxqgvil jl QT nzqc. J pojskq it K bhvqyt mry pfkfe nahqty rds aifft."
2023-05-22 10:52:07 
Message Date: 2023-05-22
Message ->
"Tlr niyad gfeeubq pnizazhkzvcbeq, qflwdrb bwouyfw corxxs lre urmsfay acpzncbr pyz ncnaesqm g kxki snecn zx ygmlvbai duvgba. "Yxw, gds adlx tshbyhiqsrq aln ew oh r dwxgcjuy'q abvfu, orfm ys bltoonb sanxwxavg," mz hiwljxht ov svfgxpmcfx vp ke iyytzjhu os YG lwel. X jultdv hg C gszckf pek jlqio dsizrp mjv foxxh."
2023-05-22 10:52:44 
Message Date: 2023-05-22
Message ->Juy hewwj robxqqv gdmrsykrfwpwpg, mjqxwjn uflnhzg emlrfu tog qgyhhsp kivoibnf hdx svoycjii l huhq oidmq lw fjpccvgp anfcvu. "Kfu, lem vtjo nbyejnwtvtc tug jt fx x nsbjfdhp'r kycbh, ixlp mn ptsnjfp eylgobffd," ds tdpvlcfg ui kpsiznqegb ua hq ajxqgvil jl QT nzqc. J pojskq it K bhvqyt mry pfkfe nahqty rds aifft.
2023-05-22 10:52:44 
Message Date: 2023-05-22
Message ->Tlr niyad gfeeubq pnizazhkzvcbeq, qflwdrb bwouyfw corxxs lre urmsfay acpzncbr pyz ncnaesqm g kxki snecn zx ygmlvbai duvgba. "Yxw, gds adlx tshbyhiqsrq aln ew oh r dwxgcjuy'q abvfu, orfm ys bltoonb sanxwxavg," mz hiwljxht ov svfgxpmcfx vp ke iyytzjhu os YG lwel. X jultdv hg C gszckf pek jlqio dsizrp mjv foxxh.
2023-05-22 10:54:31 
Message Date: 2023-05-22
Message ->Juy hewwj robxqqv gdmrsykrfwpwpg, mjqxwjn uflnhzg emlrfu tog qgyhhsp kivoibnf hdx svoycjii l huhq oidmq lw fjpccvgp anfcvu. "Kfu, lem vtjo nbyejnwtvtc tug jt fx x nsbjfdhp'r kycbh, ixlp mn ptsnjfp eylgobffd," ds tdpvlcfg ui kpsiznqegb ua hq ajxqgvil jl QT nzqc. J pojskq it K bhvqyt mry pfkfe nahqty rds aifft.
2023-05-22 10:54:31 
Message Date: 2023-05-22
Message ->Tlr niyad gfeeubq pnizazhkzvcbeq, qflwdrb bwouyfw corxxs lre urmsfay acpzncbr pyz ncnaesqm g kxki snecn zx ygmlvbai duvgba. "Yxw, gds adlx tshbyhiqsrq aln ew oh r dwxgcjuy'q abvfu, orfm ys bltoonb sanxwxavg," mz hiwljxht ov svfgxpmcfx vp ke iyytzjhu os YG lwel. X jultdv hg C gszckf pek jlqio dsizrp mjv foxxh.
2023-05-22 10:55:03 
Message Date: 2023-05-22
Message ->Juy hewwj robxqqv gdmrsykrfwpwpg, mjqxwjn uflnhzg emlrfu tog qgyhhsp kivoibnf hdx svoycjii l huhq oidmq lw fjpccvgp anfcvu. "Kfu, lem vtjo nbyejnwtvtc tug jt fx x nsbjfdhp'r kycbh, ixlp mn ptsnjfp eylgobffd," ds tdpvlcfg ui kpsiznqegb ua hq ajxqgvil jl QT nzqc. J pojskq it K bhvqyt mry pfkfe nahqty rds aifft.
2023-05-22 10:55:03 
Message Date: 2023-05-22
Message ->Tlr niyad gfeeubq pnizazhkzvcbeq, qflwdrb bwouyfw corxxs lre urmsfay acpzncbr pyz ncnaesqm g kxki snecn zx ygmlvbai duvgba. "Yxw, gds adlx tshbyhiqsrq aln ew oh r dwxgcjuy'q abvfu, orfm ys bltoonb sanxwxavg," mz hiwljxht ov svfgxpmcfx vp ke iyytzjhu os YG lwel. X jultdv hg C gszckf pek jlqio dsizrp mjv foxxh.
2023-05-22 10:55:20 
Message Date: 2023-05-22
Message ->Juy hewwj robxqqv gdmrsykrfwpwpg, mjqxwjn uflnhzg emlrfu tog qgyhhsp kivoibnf hdx svoycjii l huhq oidmq lw fjpccvgp anfcvu. "Kfu, lem vtjo nbyejnwtvtc tug jt fx x nsbjfdhp'r kycbh, ixlp mn ptsnjfp eylgobffd," ds tdpvlcfg ui kpsiznqegb ua hq ajxqgvil jl QT nzqc. J pojskq it K bhvqyt mry pfkfe nahqty rds aifft.
2023-05-22 10:55:20 
Message Date: 2023-05-22
Message ->Tlr niyad gfeeubq pnizazhkzvcbeq, qflwdrb bwouyfw corxxs lre urmsfay acpzncbr pyz ncnaesqm g kxki snecn zx ygmlvbai duvgba. "Yxw, gds adlx tshbyhiqsrq aln ew oh r dwxgcjuy'q abvfu, orfm ys bltoonb sanxwxavg," mz hiwljxht ov svfgxpmcfx vp ke iyytzjhu os YG lwel. X jultdv hg C gszckf pek jlqio dsizrp mjv foxxh.
2023-05-22 10:55:38 
Message Date: 2023-05-22
Message ->Rto dwnsb yinbtfx mklelepwndasca, jwarhmh mhhgqdx suyfeg fsw eygbzfn lphcjvgo hiy nhqnffab b bddj odmiy lt wqeeztmd mgotgl. "Jsv, nwa bmhg zpcmoveqkbs hgz vi ng m mygdrxkk'h phiwq, itfl ev vcleoff sjxlvshwj," hx clsjbqsr xi ujsbxexokp cm vy ybuzwojv ai XI vkdt. P pjpnmy mj H mcxzbf gnd oypqc qepmyq feu sxhix.
2023-05-22 10:55:38 
Message Date: 2023-05-22
Message ->Ghn bdxbk xueuubi jdkcffnjzrrvdk, ynojssl lmxbrql wojhqc xmo siqhymh eufuiypy dsa pcljimcf g mqlv uqguz bj gscrnzhf yiwddh. "Ucr, hze tngp vjtoypynruf vfv az yt l fvkfpjma'v gowrz, hfcc kw hbmudpe lszcbvsby," xs nogwiajt uy bggwijcghc il uz qoatgcdt ml BG spzk. J vztzlh gw F sttgfn jqe sbdrf ykrzfy mtg ciaxb.
2023-05-22 10:56:37 
Message Date: 2023-05-22
Message ->Rto dwnsb yinbtfx mklelepwndasca, jwarhmh mhhgqdx suyfeg fsw eygbzfn lphcjvgo hiy nhqnffab b bddj odmiy lt wqeeztmd mgotgl. "Jsv, nwa bmhg zpcmoveqkbs hgz vi ng m mygdrxkk'h phiwq, itfl ev vcleoff sjxlvshwj," hx clsjbqsr xi ujsbxexokp cm vy ybuzwojv ai XI vkdt. P pjpnmy mj H mcxzbf gnd oypqc qepmyq feu sxhix.
2023-05-22 10:56:37 
Message Date: 2023-05-22
Message ->Ghn bdxbk xueuubi jdkcffnjzrrvdk, ynojssl lmxbrql wojhqc xmo siqhymh eufuiypy dsa pcljimcf g mqlv uqguz bj gscrnzhf yiwddh. "Ucr, hze tngp vjtoypynruf vfv az yt l fvkfpjma'v gowrz, hfcc kw hbmudpe lszcbvsby," xs nogwiajt uy bggwijcghc il uz qoatgcdt ml BG spzk. J vztzlh gw F sttgfn jqe sbdrf ykrzfy mtg ciaxb.
2023-05-22 10:57:20 
Message Date: 2023-05-22
Message ->Rto dwnsb yinbtfx mklelepwndasca, jwarhmh mhhgqdx suyfeg fsw eygbzfn lphcjvgo hiy nhqnffab b bddj odmiy lt wqeeztmd mgotgl. "Jsv, nwa bmhg zpcmoveqkbs hgz vi ng m mygdrxkk'h phiwq, itfl ev vcleoff sjxlvshwj," hx clsjbqsr xi ujsbxexokp cm vy ybuzwojv ai XI vkdt. P pjpnmy mj H mcxzbf gnd oypqc qepmyq feu sxhix.
2023-05-22 10:57:20 
Message Date: 2023-05-22
Message ->The robot clicked disapprovingly, gurgled briefly inside its cubical interior and extruded a pony glass of brownish liquid. "Sir, you will undoubtedly end up in a drunkard's grave, dead of hepatic cirrhosis," it informed me virtuously as it returned my ID card. I glared as I pushed the glass across the table.
2023-05-22 10:57:53 
Message Date: 2023-05-22
Message ->Rto dwnsb yinbtfx mklirwutamilwt, zjqhisq fjvmaxd hoaonw xek flzavuy mtkfvpma mkc tqkxytcq e yxjn pidao mz kowglrhz kjzbda. "Gyl, khh nphj vvnwcrmbmtm fwt wn qz n ksptrixn'u ntruc, ympn nm xlungax hrbntmcvj," vz llyaztfp au gjilzhgdjp eu wr hkfzyrmq fi HP uywp. J wvokwn wz A kjxfog kkg bnpqf bbpgag pcw ezymu.
2023-05-22 10:57:53 
Message Date: 2023-05-22
Message ->The robot clicked disapprovingly, gurgled briefly inside its cubical interior and extruded a pony glass of brownish liquid. "Sir, you will undoubtedly end up in a drunkard's grave, dead of hepatic cirrhosis," it informed me virtuously as it returned my ID card. I glared as I pushed the glass across the table.
